// Debug log file for photo thumbnail issue
// This file will be written to by the server to help debug
[2025-12-17T06:02:13.069Z] [Proxy] Request received
[2025-12-17T06:02:13.070Z] [Proxy] URL parameter: https://dgtzuqphqg23d.cloudfront.net/_EEwg3B96rgz0i3A1MWjaF4f6D2ZgSvi4k6Wokm_8sY-2048x1536.jpg
[2025-12-17T06:02:13.070Z] [Proxy] Fetching: https://dgtzuqphqg23d.cloudfront.net/_EEwg3B96rgz0i3A1MWjaF4f6D2ZgSvi4k6Wokm_8sY-2048x1536.jpg
[2025-12-17T06:02:13.074Z] [Proxy] Request received
[2025-12-17T06:02:13.075Z] [Proxy] URL parameter: https://dgtzuqphqg23d.cloudfront.net/jxMyndYWopzUpeLKfIIeIKmdNgoqSZuCdUGw05yQPVo-2048x1536.jpg
[2025-12-17T06:02:13.075Z] [Proxy] Fetching: https://dgtzuqphqg23d.cloudfront.net/jxMyndYWopzUpeLKfIIeIKmdNgoqSZuCdUGw05yQPVo-2048x1536.jpg
[2025-12-17T06:02:13.078Z] [Proxy] Request received
[2025-12-17T06:02:13.078Z] [Proxy] URL parameter: https://dgtzuqphqg23d.cloudfront.net/UyrMfXCeQbuD_QdyCiJUIMhyXVuTkdyJcB68ED88e5E-2048x1536.jpg
[2025-12-17T06:02:13.078Z] [Proxy] Fetching: https://dgtzuqphqg23d.cloudfront.net/UyrMfXCeQbuD_QdyCiJUIMhyXVuTkdyJcB68ED88e5E-2048x1536.jpg
[2025-12-17T06:02:13.327Z] [Proxy] Response status: 200
[2025-12-17T06:02:13.333Z] [Proxy] Response status: 200
[2025-12-17T06:02:13.349Z] [Proxy] Success: 203739 bytes, Type: image/jpeg
[2025-12-17T06:02:13.358Z] [Proxy] Success: 182651 bytes, Type: image/jpeg
[2025-12-17T06:02:13.363Z] [Proxy] Response status: 200
[2025-12-17T06:02:13.372Z] [Proxy] Success: 220959 bytes, Type: image/jpeg
[2025-12-17T06:08:33.940Z] [Proxy] Request received
[2025-12-17T06:08:33.941Z] [Proxy] URL parameter: https://dgtzuqphqg23d.cloudfront.net/EhVd4Ih-8l9-ck39_4-Bv1Q2eMDNYK7j4fLGphsA6Uw-2048x1536.jpg
[2025-12-17T06:08:33.941Z] [Proxy] Fetching: https://dgtzuqphqg23d.cloudfront.net/EhVd4Ih-8l9-ck39_4-Bv1Q2eMDNYK7j4fLGphsA6Uw-2048x1536.jpg
[2025-12-17T06:08:34.194Z] [Proxy] Response status: 200
[2025-12-17T06:08:34.258Z] [Proxy] Success: 551548 bytes, Type: image/jpeg
[2025-12-17T06:48:12.885Z] [Proxy] Request received
[2025-12-17T06:48:12.886Z] [Proxy] URL parameter: https://dgtzuqphqg23d.cloudfront.net/Hf1SzFgBgSheH94Cm8y8AIqmPd_DENhjnLpnmauh62g-1536x2048.jpg
[2025-12-17T06:48:12.887Z] [Proxy] Fetching: https://dgtzuqphqg23d.cloudfront.net/Hf1SzFgBgSheH94Cm8y8AIqmPd_DENhjnLpnmauh62g-1536x2048.jpg
[2025-12-17T06:48:13.033Z] [Proxy] Response status: 200
[2025-12-17T06:48:13.062Z] [Proxy] Success: 293627 bytes, Type: image/jpeg
[2025-12-17T06:53:05.610Z] [Proxy] Request received
[2025-12-17T06:53:05.611Z] [Proxy] URL parameter: https://dgtzuqphqg23d.cloudfront.net/jxMyndYWopzUpeLKfIIeIKmdNgoqSZuCdUGw05yQPVo-2048x1536.jpg
[2025-12-17T06:53:05.611Z] [Proxy] Fetching: https://dgtzuqphqg23d.cloudfront.net/jxMyndYWopzUpeLKfIIeIKmdNgoqSZuCdUGw05yQPVo-2048x1536.jpg
[2025-12-17T06:53:05.615Z] [Proxy] Request received
[2025-12-17T06:53:05.615Z] [Proxy] URL parameter: https://dgtzuqphqg23d.cloudfront.net/UyrMfXCeQbuD_QdyCiJUIMhyXVuTkdyJcB68ED88e5E-2048x1536.jpg
[2025-12-17T06:53:05.616Z] [Proxy] Fetching: https://dgtzuqphqg23d.cloudfront.net/UyrMfXCeQbuD_QdyCiJUIMhyXVuTkdyJcB68ED88e5E-2048x1536.jpg
[2025-12-17T06:53:05.619Z] [Proxy] Request received
[2025-12-17T06:53:05.619Z] [Proxy] URL parameter: https://dgtzuqphqg23d.cloudfront.net/_EEwg3B96rgz0i3A1MWjaF4f6D2ZgSvi4k6Wokm_8sY-2048x1536.jpg
[2025-12-17T06:53:05.619Z] [Proxy] Fetching: https://dgtzuqphqg23d.cloudfront.net/_EEwg3B96rgz0i3A1MWjaF4f6D2ZgSvi4k6Wokm_8sY-2048x1536.jpg
[2025-12-17T06:53:05.876Z] [Proxy] Response status: 200
[2025-12-17T06:53:05.884Z] [Proxy] Success: 220959 bytes, Type: image/jpeg
[2025-12-17T06:53:05.891Z] [Proxy] Response status: 200
[2025-12-17T06:53:05.896Z] [Proxy] Response status: 200
[2025-12-17T06:53:05.911Z] [Proxy] Success: 182651 bytes, Type: image/jpeg
[2025-12-17T06:53:05.919Z] [Proxy] Success: 203739 bytes, Type: image/jpeg
[2025-12-17T07:05:06.743Z] [Proxy] Request received
[2025-12-17T07:05:06.743Z] [Proxy] URL parameter: https://dgtzuqphqg23d.cloudfront.net/jxMyndYWopzUpeLKfIIeIKmdNgoqSZuCdUGw05yQPVo-2048x1536.jpg
[2025-12-17T07:05:06.744Z] [Proxy] Fetching: https://dgtzuqphqg23d.cloudfront.net/jxMyndYWopzUpeLKfIIeIKmdNgoqSZuCdUGw05yQPVo-2048x1536.jpg
[2025-12-17T07:05:06.747Z] [Proxy] Request received
[2025-12-17T07:05:06.747Z] [Proxy] URL parameter: https://dgtzuqphqg23d.cloudfront.net/UyrMfXCeQbuD_QdyCiJUIMhyXVuTkdyJcB68ED88e5E-2048x1536.jpg
[2025-12-17T07:05:06.747Z] [Proxy] Fetching: https://dgtzuqphqg23d.cloudfront.net/UyrMfXCeQbuD_QdyCiJUIMhyXVuTkdyJcB68ED88e5E-2048x1536.jpg
[2025-12-17T07:05:06.750Z] [Proxy] Request received
[2025-12-17T07:05:06.751Z] [Proxy] URL parameter: https://dgtzuqphqg23d.cloudfront.net/_EEwg3B96rgz0i3A1MWjaF4f6D2ZgSvi4k6Wokm_8sY-2048x1536.jpg
[2025-12-17T07:05:06.751Z] [Proxy] Fetching: https://dgtzuqphqg23d.cloudfront.net/_EEwg3B96rgz0i3A1MWjaF4f6D2ZgSvi4k6Wokm_8sY-2048x1536.jpg
[2025-12-17T07:05:06.873Z] [Proxy] Response status: 200
[2025-12-17T07:05:06.875Z] [Proxy] Response status: 200
[2025-12-17T07:05:06.877Z] [Proxy] Response status: 200
[2025-12-17T07:05:06.901Z] [Proxy] Success: 182651 bytes, Type: image/jpeg
[2025-12-17T07:05:06.913Z] [Proxy] Success: 203739 bytes, Type: image/jpeg
[2025-12-17T07:05:06.915Z] [Proxy] Success: 220959 bytes, Type: image/jpeg
[2025-12-17T07:15:47.783Z] [Proxy] Request received
[2025-12-17T07:15:47.784Z] [Proxy] URL parameter: https://dgtzuqphqg23d.cloudfront.net/UyrMfXCeQbuD_QdyCiJUIMhyXVuTkdyJcB68ED88e5E-2048x1536.jpg
[2025-12-17T07:15:47.785Z] [Proxy] Fetching: https://dgtzuqphqg23d.cloudfront.net/UyrMfXCeQbuD_QdyCiJUIMhyXVuTkdyJcB68ED88e5E-2048x1536.jpg
[2025-12-17T07:15:47.795Z] [Proxy] Request received
[2025-12-17T07:15:47.795Z] [Proxy] URL parameter: https://dgtzuqphqg23d.cloudfront.net/jxMyndYWopzUpeLKfIIeIKmdNgoqSZuCdUGw05yQPVo-2048x1536.jpg
[2025-12-17T07:15:47.796Z] [Proxy] Fetching: https://dgtzuqphqg23d.cloudfront.net/jxMyndYWopzUpeLKfIIeIKmdNgoqSZuCdUGw05yQPVo-2048x1536.jpg
[2025-12-17T07:15:47.802Z] [Proxy] Request received
[2025-12-17T07:15:47.803Z] [Proxy] URL parameter: https://dgtzuqphqg23d.cloudfront.net/_EEwg3B96rgz0i3A1MWjaF4f6D2ZgSvi4k6Wokm_8sY-2048x1536.jpg
[2025-12-17T07:15:47.803Z] [Proxy] Fetching: https://dgtzuqphqg23d.cloudfront.net/_EEwg3B96rgz0i3A1MWjaF4f6D2ZgSvi4k6Wokm_8sY-2048x1536.jpg
[2025-12-17T07:15:47.916Z] [Proxy] Response status: 200
[2025-12-17T07:15:47.918Z] [Proxy] Response status: 200
[2025-12-17T07:15:47.919Z] [Proxy] Response status: 200
[2025-12-17T07:15:47.939Z] [Proxy] Success: 203739 bytes, Type: image/jpeg
[2025-12-17T07:15:47.944Z] [Proxy] Success: 182651 bytes, Type: image/jpeg
[2025-12-17T07:15:47.948Z] [Proxy] Success: 220959 bytes, Type: image/jpeg
[2025-12-17T07:46:05.319Z] [Proxy] Request received
[2025-12-17T07:46:05.320Z] [Proxy] URL parameter: https://dgtzuqphqg23d.cloudfront.net/UyrMfXCeQbuD_QdyCiJUIMhyXVuTkdyJcB68ED88e5E-2048x1536.jpg
[2025-12-17T07:46:05.321Z] [Proxy] Fetching: https://dgtzuqphqg23d.cloudfront.net/UyrMfXCeQbuD_QdyCiJUIMhyXVuTkdyJcB68ED88e5E-2048x1536.jpg
[2025-12-17T07:46:05.325Z] [Proxy] Request received
[2025-12-17T07:46:05.326Z] [Proxy] URL parameter: https://dgtzuqphqg23d.cloudfront.net/jxMyndYWopzUpeLKfIIeIKmdNgoqSZuCdUGw05yQPVo-2048x1536.jpg
[2025-12-17T07:46:05.326Z] [Proxy] Fetching: https://dgtzuqphqg23d.cloudfront.net/jxMyndYWopzUpeLKfIIeIKmdNgoqSZuCdUGw05yQPVo-2048x1536.jpg
[2025-12-17T07:46:05.329Z] [Proxy] Request received
[2025-12-17T07:46:05.329Z] [Proxy] URL parameter: https://dgtzuqphqg23d.cloudfront.net/_EEwg3B96rgz0i3A1MWjaF4f6D2ZgSvi4k6Wokm_8sY-2048x1536.jpg
[2025-12-17T07:46:05.329Z] [Proxy] Fetching: https://dgtzuqphqg23d.cloudfront.net/_EEwg3B96rgz0i3A1MWjaF4f6D2ZgSvi4k6Wokm_8sY-2048x1536.jpg
[2025-12-17T07:46:05.437Z] [Proxy] Response status: 200
[2025-12-17T07:46:05.439Z] [Proxy] Response status: 200
[2025-12-17T07:46:05.442Z] [Proxy] Response status: 200
[2025-12-17T07:46:05.457Z] [Proxy] Success: 182651 bytes, Type: image/jpeg
[2025-12-17T07:46:05.460Z] [Proxy] Success: 220959 bytes, Type: image/jpeg
[2025-12-17T07:46:05.465Z] [Proxy] Success: 203739 bytes, Type: image/jpeg
[2025-12-19T04:10:11.522Z] [Proxy] Request received
[2025-12-19T04:10:11.523Z] [Proxy] URL parameter: https://dgtzuqphqg23d.cloudfront.net/7wnwrx8yxqSx9kNmXMheG9jqjpkI1YupE0raOIDng-w-2048x1536.jpg
[2025-12-19T04:10:11.523Z] [Proxy] Fetching: https://dgtzuqphqg23d.cloudfront.net/7wnwrx8yxqSx9kNmXMheG9jqjpkI1YupE0raOIDng-w-2048x1536.jpg
[2025-12-19T04:10:11.526Z] [Proxy] Request received
[2025-12-19T04:10:11.527Z] [Proxy] URL parameter: https://dgtzuqphqg23d.cloudfront.net/Wv1h-LZn640kyxlM8DlLh6Wq48zzaNnL-LB994bcwxc-2048x1536.jpg
[2025-12-19T04:10:11.527Z] [Proxy] Fetching: https://dgtzuqphqg23d.cloudfront.net/Wv1h-LZn640kyxlM8DlLh6Wq48zzaNnL-LB994bcwxc-2048x1536.jpg
[2025-12-19T04:10:11.532Z] [Proxy] Request received
[2025-12-19T04:10:11.532Z] [Proxy] URL parameter: https://dgtzuqphqg23d.cloudfront.net/lj6OLZnhIA2vfxTOTEQivT2JF8QI6zx2MdvpFcXr7J0-2048x1536.jpg
[2025-12-19T04:10:11.533Z] [Proxy] Fetching: https://dgtzuqphqg23d.cloudfront.net/lj6OLZnhIA2vfxTOTEQivT2JF8QI6zx2MdvpFcXr7J0-2048x1536.jpg
[2025-12-19T04:10:11.535Z] [Proxy] Request received
[2025-12-19T04:10:11.535Z] [Proxy] URL parameter: https://dgtzuqphqg23d.cloudfront.net/5Wz5k6ssm69vmujPBEIANxh4rCOJs3RuICHWzUE13zQ-2048x1536.jpg
[2025-12-19T04:10:11.536Z] [Proxy] Fetching: https://dgtzuqphqg23d.cloudfront.net/5Wz5k6ssm69vmujPBEIANxh4rCOJs3RuICHWzUE13zQ-2048x1536.jpg
[2025-12-19T04:10:11.771Z] [Proxy] Response status: 200
[2025-12-19T04:10:11.784Z] [Proxy] Response status: 200
[2025-12-19T04:10:11.822Z] [Proxy] Response status: 200
[2025-12-19T04:10:11.854Z] [Proxy] Success: 467466 bytes, Type: image/jpeg
[2025-12-19T04:10:11.873Z] [Proxy] Success: 213482 bytes, Type: image/jpeg
[2025-12-19T04:10:11.900Z] [Proxy] Success: 785670 bytes, Type: image/jpeg
[2025-12-19T04:10:11.917Z] [Proxy] Response status: 200
[2025-12-19T04:10:11.968Z] [Proxy] Success: 373636 bytes, Type: image/jpeg
[2025-12-19T04:25:43.417Z] [Proxy] Request received
[2025-12-19T04:25:43.417Z] [Proxy] URL parameter: https://dgtzuqphqg23d.cloudfront.net/Wv1h-LZn640kyxlM8DlLh6Wq48zzaNnL-LB994bcwxc-2048x1536.jpg
[2025-12-19T04:25:43.418Z] [Proxy] Fetching: https://dgtzuqphqg23d.cloudfront.net/Wv1h-LZn640kyxlM8DlLh6Wq48zzaNnL-LB994bcwxc-2048x1536.jpg
[2025-12-19T04:25:43.422Z] [Proxy] Request received
[2025-12-19T04:25:43.422Z] [Proxy] URL parameter: https://dgtzuqphqg23d.cloudfront.net/7wnwrx8yxqSx9kNmXMheG9jqjpkI1YupE0raOIDng-w-2048x1536.jpg
[2025-12-19T04:25:43.422Z] [Proxy] Fetching: https://dgtzuqphqg23d.cloudfront.net/7wnwrx8yxqSx9kNmXMheG9jqjpkI1YupE0raOIDng-w-2048x1536.jpg
[2025-12-19T04:25:43.425Z] [Proxy] Request received
[2025-12-19T04:25:43.425Z] [Proxy] URL parameter: https://dgtzuqphqg23d.cloudfront.net/5Wz5k6ssm69vmujPBEIANxh4rCOJs3RuICHWzUE13zQ-2048x1536.jpg
[2025-12-19T04:25:43.425Z] [Proxy] Fetching: https://dgtzuqphqg23d.cloudfront.net/5Wz5k6ssm69vmujPBEIANxh4rCOJs3RuICHWzUE13zQ-2048x1536.jpg
[2025-12-19T04:25:43.536Z] [Proxy] Response status: 200
[2025-12-19T04:25:43.542Z] [Proxy] Response status: 200
[2025-12-19T04:25:43.543Z] [Proxy] Response status: 200
[2025-12-19T04:25:43.603Z] [Proxy] Success: 373636 bytes, Type: image/jpeg
[2025-12-19T04:25:43.623Z] [Proxy] Success: 467466 bytes, Type: image/jpeg
[2025-12-19T04:25:43.643Z] [Proxy] Success: 785670 bytes, Type: image/jpeg
[2025-12-20T21:27:06.955Z] [Proxy] Request received
[2025-12-20T21:27:06.956Z] [Proxy] URL parameter: https://api.mapbox.com/styles/v1/mapbox/satellite-v9/static/path-5+fc4c02-0.8(_vxnGpg~%7BMPAHE%5E_%40j%40y%40FA%60BjDHV%40h%40MdCAl%40Cn%40%40n%40GbB%40p%40TvEDhAHpAD%60DGlE%40dA%5EdB%60ApDTfAVp%40JPZVd%40d%40l%40pA~%40%7CALNd%40VLTXzB%7CAxIRbA%7C%40vFvAbIJ%60%40%5EdA%5Ej%40l%40r%40lEzCn%40l%40%60At%40t%40p%40bAbA%5Ep%40n%40%60Bl%40rAtA%60CjAzA%5C%60%40%5El%40dAxAzAxB%5C%60%40~A%60Cb%40%60%40nA%7C%40x%40b%40%7C%40j%40tCzAn%40b%40%5E%5CRX%5Cv%40Rl%40l%40rCRvABp%40C%5CKf%40IPUZkCfCw%40%7C%40wB%7CBi%40z%40Sr%40Eb%40Ad%40HtDJ~ALv%40HX%5Ej%40ZXh%40ZfBv%40hAp%40fCbBzD%7CCx%40f%40%5CN~%40V%60BXfBd%40jATND%3FJK%3FqEeAcB%5Do%40Sk%40WoCoB_Aw%40%7BDoCaEsBe%40i%40Ug%40IUMo%40MeBAq%40CgA%40%7DARiARe%40Va%40~A_BvCgDfAgA%5Ce%40Na%40Ba%40Cq%40m%40oDU_AQg%40%5Ds%40%5Bc%40YWaAm%40oBaAcAk%40gC%7BAm%40k%40o%40y%40_BmC_BoByBcDsAeBuAkCk%40wAYm%40c%40y%40_%40i%40%5D%5BoG_FmBoAY%5Dc%40m%40i%40iAQk%40c%40_CaA_Gs%40yDs%40uE%5B%7DAU_Bm%40_DQ%5DYSOQ_B%7BCs%40%7B%40%5Bg%40Ma%40%5DwAa%40oA_AuDGq%40%40wABmAHy%40%3Fa%40S_GM%7DASgE%3Fo%40F_A%3Fa%40M%7D%40EsDEgAK%7B%40Kc%40s%40aBc%40y%40aAuB%5D%7D%40JHXh%40HVxA%60D%40H%3FLEPi%40z%40a%40%60%40G%40%5BCGDBGEF)/auto/800x400?access_token=pk.eyJ1IjoicHJkZWVwYWsiLCJhIjoiY21qNHk1eWRrMHNlMTNnb2d0Ym12c3phbSJ9.SlCQeRDcGWbxODgCk1_8OA&logo=false&attrib=false
[2025-12-20T21:27:06.956Z] [Proxy] Fetching: https://api.mapbox.com/styles/v1/mapbox/satellite-v9/static/path-5+fc4c02-0.8(_vxnGpg~%7BMPAHE%5E_%40j%40y%40FA%60BjDHV%40h%40MdCAl%40Cn%40%40n%40GbB%40p%40TvEDhAHpAD%60DGlE%40dA%5EdB%60ApDTfAVp%40JPZVd%40d%40l%40pA~%40%7CALNd%40VLTXzB%7CAxIRbA%7C%40vFvAbIJ%60%40%5EdA%5Ej%40l%40r%40lEzCn%40l%40%60At%40t%40p%40bAbA%5Ep%40n%40%60Bl%40rAtA%60CjAzA%5C%60%40%5El%40dAxAzAxB%5C%60%40~A%60Cb%40%60%40nA%7C%40x%40b%40%7C%40j%40tCzAn%40b%40%5E%5CRX%5Cv%40Rl%40l%40rCRvABp%40C%5CKf%40IPUZkCfCw%40%7C%40wB%7CBi%40z%40Sr%40Eb%40Ad%40HtDJ~ALv%40HX%5Ej%40ZXh%40ZfBv%40hAp%40fCbBzD%7CCx%40f%40%5CN~%40V%60BXfBd%40jATND%3FJK%3FqEeAcB%5Do%40Sk%40WoCoB_Aw%40%7BDoCaEsBe%40i%40Ug%40IUMo%40MeBAq%40CgA%40%7DARiARe%40Va%40~A_BvCgDfAgA%5Ce%40Na%40Ba%40Cq%40m%40oDU_AQg%40%5Ds%40%5Bc%40YWaAm%40oBaAcAk%40gC%7BAm%40k%40o%40y%40_BmC_BoByBcDsAeBuAkCk%40wAYm%40c%40y%40_%40i%40%5D%5BoG_FmBoAY%5Dc%40m%40i%40iAQk%40c%40_CaA_Gs%40yDs%40uE%5B%7DAU_Bm%40_DQ%5DYSOQ_B%7BCs%40%7B%40%5Bg%40Ma%40%5DwAa%40oA_AuDGq%40%40wABmAHy%40%3Fa%40S_GM%7DASgE%3Fo%40F_A%3Fa%40M%7D%40EsDEgAK%7B%40Kc%40s%40aBc%40y%40aAuB%5D%7D%40JHXh%40HVxA%60D%40H%3FLEPi%40z%40a%40%60%40G%40%5BCGDBGEF)/auto/800x400?access_token=pk.eyJ1IjoicHJkZWVwYWsiLCJhIjoiY21qNHk1eWRrMHNlMTNnb2d0Ym12c3phbSJ9.SlCQeRDcGWbxODgCk1_8OA&logo=false&attrib=false
[2025-12-20T21:27:07.330Z] [Proxy] Response status: 200
[2025-12-20T21:27:07.346Z] [Proxy] Success: 75670 bytes, Type: image/jpeg
[2025-12-20T21:27:37.062Z] [Proxy] Request received
[2025-12-20T21:27:37.063Z] [Proxy] URL parameter: https://dgtzuqphqg23d.cloudfront.net/EhVd4Ih-8l9-ck39_4-Bv1Q2eMDNYK7j4fLGphsA6Uw-2048x1536.jpg
[2025-12-20T21:27:37.063Z] [Proxy] Fetching: https://dgtzuqphqg23d.cloudfront.net/EhVd4Ih-8l9-ck39_4-Bv1Q2eMDNYK7j4fLGphsA6Uw-2048x1536.jpg
[2025-12-20T21:27:37.371Z] [Proxy] Response status: 200
[2025-12-20T21:27:37.438Z] [Proxy] Success: 551548 bytes, Type: image/jpeg
[2025-12-20T21:27:59.976Z] [Proxy] Request received
[2025-12-20T21:27:59.977Z] [Proxy] URL parameter: https://api.mapbox.com/styles/v1/mapbox/satellite-v9/static/path-5+fc4c02-0.8(_qkiG~mucNr%40w%40NI%60%40GFEP%5DNKvA%5Bn%40UdAUl%40W%7C%40SNKBG%40YSiBi%40iE%3FSBCnBg%40n%40WZIZOLALPF%40DEHQLIpCe%40%60%40KrAi%40TKPS%5Em%40Lk%40JqABGFCJ%40%60BF%5CCVS%5Es%40TWxAu%40FADB%5EjAl%40hA%5C%5EXNPDZ%40x%40IrATXCvAWPCF%40RPV%3FBB%40FBhBFNFBZE%7CCcAl%40Y%5CUHAF%40%60%40%5Ej%40eBCo%40OcAAe%40l%40kC%60%40uBHq%40HcAFqBAoAOaA%5DcAY%5DaAi%40_A_%40QMO%5BSq%40Iu%40Bc%40DONWx%40iAtAkAf%40aADO%3FOEOKSa%40i%40Wq%40Zb%40Vx%40h%40p%40SLg%40z%40u%40r%40kB%60CM%5CAPDb%40%5EtAPXHF%60AZdAb%40%7C%40Fd%40JXPn%40b%40RVHXHj%40t%40bJ%3Fd%40U%60DShE%40LHFLB%60BBRDz%40D%3FPDn%40C%5EITU%5CWl%40EDG%40GCs%40i%40kAw%40%7DBoAaAs%40a%40SQGGBg%40%7CAYTq%40XwCl%40G%3F%5DMUEYDKAe%40NIAOMUa%40OOYM%5DCQG_Ak%40_%40%5BSCg%40H%5B%40UESIYWc%40m%40a%40_AUw%40ECE%40wAv%40eAvAWPQBmBIGBERCt%40Or%40Yj%40OPQLcAb%40gC%7C%40oAPG%3FCCIB%5DBc%40PmD~%40IDGPAd%40b%40~DTvA%3FNCHQJ%7B%40%5E%7BDhAk%40Nu%40JGCI%40MLSXYJk%40LOHEH)/auto/800x400?access_token=pk.eyJ1IjoicHJkZWVwYWsiLCJhIjoiY21qNHk1eWRrMHNlMTNnb2d0Ym12c3phbSJ9.SlCQeRDcGWbxODgCk1_8OA&logo=false&attrib=false
[2025-12-20T21:27:59.977Z] [Proxy] Fetching: https://api.mapbox.com/styles/v1/mapbox/satellite-v9/static/path-5+fc4c02-0.8(_qkiG~mucNr%40w%40NI%60%40GFEP%5DNKvA%5Bn%40UdAUl%40W%7C%40SNKBG%40YSiBi%40iE%3FSBCnBg%40n%40WZIZOLALPF%40DEHQLIpCe%40%60%40KrAi%40TKPS%5Em%40Lk%40JqABGFCJ%40%60BF%5CCVS%5Es%40TWxAu%40FADB%5EjAl%40hA%5C%5EXNPDZ%40x%40IrATXCvAWPCF%40RPV%3FBB%40FBhBFNFBZE%7CCcAl%40Y%5CUHAF%40%60%40%5Ej%40eBCo%40OcAAe%40l%40kC%60%40uBHq%40HcAFqBAoAOaA%5DcAY%5DaAi%40_A_%40QMO%5BSq%40Iu%40Bc%40DONWx%40iAtAkAf%40aADO%3FOEOKSa%40i%40Wq%40Zb%40Vx%40h%40p%40SLg%40z%40u%40r%40kB%60CM%5CAPDb%40%5EtAPXHF%60AZdAb%40%7C%40Fd%40JXPn%40b%40RVHXHj%40t%40bJ%3Fd%40U%60DShE%40LHFLB%60BBRDz%40D%3FPDn%40C%5EITU%5CWl%40EDG%40GCs%40i%40kAw%40%7DBoAaAs%40a%40SQGGBg%40%7CAYTq%40XwCl%40G%3F%5DMUEYDKAe%40NIAOMUa%40OOYM%5DCQG_Ak%40_%40%5BSCg%40H%5B%40UESIYWc%40m%40a%40_AUw%40ECE%40wAv%40eAvAWPQBmBIGBERCt%40Or%40Yj%40OPQLcAb%40gC%7C%40oAPG%3FCCIB%5DBc%40PmD~%40IDGPAd%40b%40~DTvA%3FNCHQJ%7B%40%5E%7BDhAk%40Nu%40JGCI%40MLSXYJk%40LOHEH)/auto/800x400?access_token=pk.eyJ1IjoicHJkZWVwYWsiLCJhIjoiY21qNHk1eWRrMHNlMTNnb2d0Ym12c3phbSJ9.SlCQeRDcGWbxODgCk1_8OA&logo=false&attrib=false
[2025-12-20T21:27:59.981Z] [Proxy] Request received
[2025-12-20T21:27:59.981Z] [Proxy] URL parameter: https://dgtzuqphqg23d.cloudfront.net/5Wz5k6ssm69vmujPBEIANxh4rCOJs3RuICHWzUE13zQ-768x576.jpg
[2025-12-20T21:27:59.981Z] [Proxy] Fetching: https://dgtzuqphqg23d.cloudfront.net/5Wz5k6ssm69vmujPBEIANxh4rCOJs3RuICHWzUE13zQ-768x576.jpg
[2025-12-20T21:28:00.164Z] [Proxy] Response status: 200
[2025-12-20T21:28:00.192Z] [Proxy] Success: 100955 bytes, Type: image/jpeg
[2025-12-20T21:28:00.531Z] [Proxy] Response status: 200
[2025-12-20T21:28:00.547Z] [Proxy] Success: 133286 bytes, Type: image/jpeg
[2025-12-21T01:16:16.818Z] [Proxy] Request received
[2025-12-21T01:16:16.819Z] [Proxy] URL parameter: https://dgtzuqphqg23d.cloudfront.net/_EEwg3B96rgz0i3A1MWjaF4f6D2ZgSvi4k6Wokm_8sY-768x576.jpg
[2025-12-21T01:16:16.819Z] [Proxy] Fetching: https://dgtzuqphqg23d.cloudfront.net/_EEwg3B96rgz0i3A1MWjaF4f6D2ZgSvi4k6Wokm_8sY-768x576.jpg
[2025-12-21T01:16:16.823Z] [Proxy] Request received
[2025-12-21T01:16:16.823Z] [Proxy] URL parameter: https://api.mapbox.com/styles/v1/mapbox/satellite-v9/static/path-5+fc4c02-0.8(%7DpkiG%60nucN%5Cc%40RQd%40EpAe%40j%40Mh%40Sp%40k%40h%40Ot%40_%40v%40Ut%40CLCp%40U%7C%40UdAa%40FMKc%40Cq%40J%7D%40%40e%40c%40yCAOBGJEj%40Kj%40O%7C%40EjBm%40TK%60%40a%40%5Co%40RuAB_ABFHBt%40F%7C%40%40ZCPQb%40w%40NSVMfAe%40D%40DDNp%40Zv%40Zf%40%5C%5EVNZFPAn%40KR%40tA%60AvAz%40%5CVVJB%3FDEJx%40RGn%40%5BdD%7D%40%7C%40Q%5CORMJMZgALSLHBHACD%40l%40Zr%40h%40tAx%40~%40n%40bAh%40p%40l%40FJBZGpA%40b%40Rv%40Zx%40rAbGfApF%5EjCV~%40NhCf%40~EVdDD%60Bj%40vFP%60CLz%40JrETrGHhBD%60CLjCFlCRjCOvG%7B%40pLi%40rEc%40lEuAlKO%5E%7B%40zAa%40pAWjAk%40nAMPs%40%60%40ONKTQp%40Q%5E_BpB%7D%40vAe%40f%40iBhEk%40~%40w%40hCcAhCyAhEe%40%7CA_%40%7CAUnACZBh%40I%5EJY%40O%3Fm%40D%5Dd%40eCV%7D%40~%40%7BCfDuJr%40uAZy%40dAwBT%5DXWd%40u%40vAgBh%40y%40JSNo%40JUPMj%40%5DZc%40%5E%7D%40TgATm%40V%7D%40v%40wAHWtAiKlA%7BKv%40%7DLLkF%3F_ACc%40M_AGaBCwAM%7DCAmA_%40qJO%7BEoAeNAgAIiAg%40qFM%7D%40SuCY%7B%40c%40aDsBcK%5D%7BAk%40oBCg%40BoAEYMO_C%7DA%7DBqAmAw%40z%40HjCFREbBH%5CDBCMCsAEwAIu%40%3F%7D%40E_%40Eo%40OWD%5DdAKPWP_%40NcCj%40aBf%40aA%60%40U%40_%40HeCz%40UFOAIBuAd%40iCp%40oAh%40MHG%40GHI%3FSIUEU%40SDSH%5Bd%40IHQJwA%5Cg%40Rs%40J%5BJc%40J%7D%40%5E%7B%40LUTIBm%40Fe%40HsBh%40m%40Rq%40JqAh%40aAR_Cr%40kA%60%40i%40DQLe%40f%40)/auto/800x400?access_token=pk.eyJ1IjoicHJkZWVwYWsiLCJhIjoiY21qNHk1eWRrMHNlMTNnb2d0Ym12c3phbSJ9.SlCQeRDcGWbxODgCk1_8OA&logo=false&attrib=false
[2025-12-21T01:16:16.823Z] [Proxy] Fetching: https://api.mapbox.com/styles/v1/mapbox/satellite-v9/static/path-5+fc4c02-0.8(%7DpkiG%60nucN%5Cc%40RQd%40EpAe%40j%40Mh%40Sp%40k%40h%40Ot%40_%40v%40Ut%40CLCp%40U%7C%40UdAa%40FMKc%40Cq%40J%7D%40%40e%40c%40yCAOBGJEj%40Kj%40O%7C%40EjBm%40TK%60%40a%40%5Co%40RuAB_ABFHBt%40F%7C%40%40ZCPQb%40w%40NSVMfAe%40D%40DDNp%40Zv%40Zf%40%5C%5EVNZFPAn%40KR%40tA%60AvAz%40%5CVVJB%3FDEJx%40RGn%40%5BdD%7D%40%7C%40Q%5CORMJMZgALSLHBHACD%40l%40Zr%40h%40tAx%40~%40n%40bAh%40p%40l%40FJBZGpA%40b%40Rv%40Zx%40rAbGfApF%5EjCV~%40NhCf%40~EVdDD%60Bj%40vFP%60CLz%40JrETrGHhBD%60CLjCFlCRjCOvG%7B%40pLi%40rEc%40lEuAlKO%5E%7B%40zAa%40pAWjAk%40nAMPs%40%60%40ONKTQp%40Q%5E_BpB%7D%40vAe%40f%40iBhEk%40~%40w%40hCcAhCyAhEe%40%7CA_%40%7CAUnACZBh%40I%5EJY%40O%3Fm%40D%5Dd%40eCV%7D%40~%40%7BCfDuJr%40uAZy%40dAwBT%5DXWd%40u%40vAgBh%40y%40JSNo%40JUPMj%40%5DZc%40%5E%7D%40TgATm%40V%7D%40v%40wAHWtAiKlA%7BKv%40%7DLLkF%3F_ACc%40M_AGaBCwAM%7DCAmA_%40qJO%7BEoAeNAgAIiAg%40qFM%7D%40SuCY%7B%40c%40aDsBcK%5D%7BAk%40oBCg%40BoAEYMO_C%7DA%7DBqAmAw%40z%40HjCFREbBH%5CDBCMCsAEwAIu%40%3F%7D%40E_%40Eo%40OWD%5DdAKPWP_%40NcCj%40aBf%40aA%60%40U%40_%40HeCz%40UFOAIBuAd%40iCp%40oAh%40MHG%40GHI%3FSIUEU%40SDSH%5Bd%40IHQJwA%5Cg%40Rs%40J%5BJc%40J%7D%40%5E%7B%40LUTIBm%40Fe%40HsBh%40m%40Rq%40JqAh%40aAR_Cr%40kA%60%40i%40DQLe%40f%40)/auto/800x400?access_token=pk.eyJ1IjoicHJkZWVwYWsiLCJhIjoiY21qNHk1eWRrMHNlMTNnb2d0Ym12c3phbSJ9.SlCQeRDcGWbxODgCk1_8OA&logo=false&attrib=false
[2025-12-21T01:16:17.016Z] [Proxy] Response status: 200
[2025-12-21T01:16:17.029Z] [Proxy] Success: 53012 bytes, Type: image/jpeg
[2025-12-21T01:16:17.262Z] [Proxy] Response status: 200
[2025-12-21T01:16:17.285Z] [Proxy] Success: 132409 bytes, Type: image/jpeg
[2025-12-21T03:47:17.075Z] [Proxy] Request received
[2025-12-21T03:47:17.075Z] [Proxy] URL parameter: https://api.mapbox.com/styles/v1/mapbox/satellite-v9/static/path-5+fc4c02-0.8(%7DpkiG%60nucN%5Cc%40RQd%40EpAe%40j%40Mh%40Sp%40k%40h%40Ot%40_%40v%40Ut%40CLCp%40U%7C%40UdAa%40FMKc%40Cq%40J%7D%40%40e%40c%40yCAOBGJEj%40Kj%40O%7C%40EjBm%40TK%60%40a%40%5Co%40RuAB_ABFHBt%40F%7C%40%40ZCPQb%40w%40NSVMfAe%40D%40DDNp%40Zv%40Zf%40%5C%5EVNZFPAn%40KR%40tA%60AvAz%40%5CVVJB%3FDEJx%40RGn%40%5BdD%7D%40%7C%40Q%5CORMJMZgALSLHBHACD%40l%40Zr%40h%40tAx%40~%40n%40bAh%40p%40l%40FJBZGpA%40b%40Rv%40Zx%40rAbGfApF%5EjCV~%40NhCf%40~EVdDD%60Bj%40vFP%60CLz%40JrETrGHhBD%60CLjCFlCRjCOvG%7B%40pLi%40rEc%40lEuAlKO%5E%7B%40zAa%40pAWjAk%40nAMPs%40%60%40ONKTQp%40Q%5E_BpB%7D%40vAe%40f%40iBhEk%40~%40w%40hCcAhCyAhEe%40%7CA_%40%7CAUnACZBh%40I%5EJY%40O%3Fm%40D%5Dd%40eCV%7D%40~%40%7BCfDuJr%40uAZy%40dAwBT%5DXWd%40u%40vAgBh%40y%40JSNo%40JUPMj%40%5DZc%40%5E%7D%40TgATm%40V%7D%40v%40wAHWtAiKlA%7BKv%40%7DLLkF%3F_ACc%40M_AGaBCwAM%7DCAmA_%40qJO%7BEoAeNAgAIiAg%40qFM%7D%40SuCY%7B%40c%40aDsBcK%5D%7BAk%40oBCg%40BoAEYMO_C%7DA%7DBqAmAw%40z%40HjCFREbBH%5CDBCMCsAEwAIu%40%3F%7D%40E_%40Eo%40OWD%5DdAKPWP_%40NcCj%40aBf%40aA%60%40U%40_%40HeCz%40UFOAIBuAd%40iCp%40oAh%40MHG%40GHI%3FSIUEU%40SDSH%5Bd%40IHQJwA%5Cg%40Rs%40J%5BJc%40J%7D%40%5E%7B%40LUTIBm%40Fe%40HsBh%40m%40Rq%40JqAh%40aAR_Cr%40kA%60%40i%40DQLe%40f%40)/auto/600x400?access_token=pk.eyJ1IjoicHJkZWVwYWsiLCJhIjoiY21qNHk1eWRrMHNlMTNnb2d0Ym12c3phbSJ9.SlCQeRDcGWbxODgCk1_8OA&logo=false&attrib=false
[2025-12-21T03:47:17.076Z] [Proxy] Fetching: https://api.mapbox.com/styles/v1/mapbox/satellite-v9/static/path-5+fc4c02-0.8(%7DpkiG%60nucN%5Cc%40RQd%40EpAe%40j%40Mh%40Sp%40k%40h%40Ot%40_%40v%40Ut%40CLCp%40U%7C%40UdAa%40FMKc%40Cq%40J%7D%40%40e%40c%40yCAOBGJEj%40Kj%40O%7C%40EjBm%40TK%60%40a%40%5Co%40RuAB_ABFHBt%40F%7C%40%40ZCPQb%40w%40NSVMfAe%40D%40DDNp%40Zv%40Zf%40%5C%5EVNZFPAn%40KR%40tA%60AvAz%40%5CVVJB%3FDEJx%40RGn%40%5BdD%7D%40%7C%40Q%5CORMJMZgALSLHBHACD%40l%40Zr%40h%40tAx%40~%40n%40bAh%40p%40l%40FJBZGpA%40b%40Rv%40Zx%40rAbGfApF%5EjCV~%40NhCf%40~EVdDD%60Bj%40vFP%60CLz%40JrETrGHhBD%60CLjCFlCRjCOvG%7B%40pLi%40rEc%40lEuAlKO%5E%7B%40zAa%40pAWjAk%40nAMPs%40%60%40ONKTQp%40Q%5E_BpB%7D%40vAe%40f%40iBhEk%40~%40w%40hCcAhCyAhEe%40%7CA_%40%7CAUnACZBh%40I%5EJY%40O%3Fm%40D%5Dd%40eCV%7D%40~%40%7BCfDuJr%40uAZy%40dAwBT%5DXWd%40u%40vAgBh%40y%40JSNo%40JUPMj%40%5DZc%40%5E%7D%40TgATm%40V%7D%40v%40wAHWtAiKlA%7BKv%40%7DLLkF%3F_ACc%40M_AGaBCwAM%7DCAmA_%40qJO%7BEoAeNAgAIiAg%40qFM%7D%40SuCY%7B%40c%40aDsBcK%5D%7BAk%40oBCg%40BoAEYMO_C%7DA%7DBqAmAw%40z%40HjCFREbBH%5CDBCMCsAEwAIu%40%3F%7D%40E_%40Eo%40OWD%5DdAKPWP_%40NcCj%40aBf%40aA%60%40U%40_%40HeCz%40UFOAIBuAd%40iCp%40oAh%40MHG%40GHI%3FSIUEU%40SDSH%5Bd%40IHQJwA%5Cg%40Rs%40J%5BJc%40J%7D%40%5E%7B%40LUTIBm%40Fe%40HsBh%40m%40Rq%40JqAh%40aAR_Cr%40kA%60%40i%40DQLe%40f%40)/auto/600x400?access_token=pk.eyJ1IjoicHJkZWVwYWsiLCJhIjoiY21qNHk1eWRrMHNlMTNnb2d0Ym12c3phbSJ9.SlCQeRDcGWbxODgCk1_8OA&logo=false&attrib=false
[2025-12-21T03:47:17.333Z] [Proxy] Response status: 200
[2025-12-21T03:47:17.345Z] [Proxy] Success: 87028 bytes, Type: image/jpeg
[2026-01-07T04:54:40.853Z] [Proxy] Request received
[2026-01-07T04:54:40.855Z] [Proxy] URL parameter: https://dgtzuqphqg23d.cloudfront.net/EhVd4Ih-8l9-ck39_4-Bv1Q2eMDNYK7j4fLGphsA6Uw-2048x1536.jpg
[2026-01-07T04:54:40.856Z] [Proxy] Fetching: https://dgtzuqphqg23d.cloudfront.net/EhVd4Ih-8l9-ck39_4-Bv1Q2eMDNYK7j4fLGphsA6Uw-2048x1536.jpg
[2026-01-07T04:54:41.042Z] [Proxy] Response status: 200
[2026-01-07T04:54:41.101Z] [Proxy] Success: 551548 bytes, Type: image/jpeg
[2026-01-07T04:54:55.530Z] [Proxy] Request received
[2026-01-07T04:54:55.531Z] [Proxy] URL parameter: https://dgtzuqphqg23d.cloudfront.net/EhVd4Ih-8l9-ck39_4-Bv1Q2eMDNYK7j4fLGphsA6Uw-768x576.jpg
[2026-01-07T04:54:55.531Z] [Proxy] Fetching: https://dgtzuqphqg23d.cloudfront.net/EhVd4Ih-8l9-ck39_4-Bv1Q2eMDNYK7j4fLGphsA6Uw-768x576.jpg
[2026-01-07T04:54:55.549Z] [Proxy] Request received
[2026-01-07T04:54:55.549Z] [Proxy] URL parameter: https://api.mapbox.com/styles/v1/mapbox/satellite-v9/static/path-5+fc4c02-0.8(qvxnGng~%7BMZCRMt%40_ALYVXLV%60%40dA%5En%40L%60%40%40VObC%3F%60AEp%40EjCHxBNpBJbAFtBBfCIlAClBBnADf%40R%7C%40Tl%40Nz%40%5CrAN~%40ZhANXj%40d%40X%5Cd%40dA%60AdBb%40%60%40VPJRRtAXtANlAv%40lEl%40dEp%40bDhAzGPl%40Vp%40f%40~%40l%40r%40rBxAhE%60DvAnAb%40l%40f%40%7C%40tA%7CCn%40nAr%40hAzGhJtB%7CCv%40v%40j%40b%40hAj%40pC%60BfAj%40p%40d%40h%40j%40%5Cf%40b%40vAp%40lDH~%40%40l%40Kp%40OTgEnEeAlAw%40v%40%5Dd%40MTSr%40Gf%40Cf%40AfANnDLdANl%40R%5E%5E%5Ef%40Xx%40%5Cv%40d%40VNBFC%40GAq%40c%40%7DAq%40s%40i%40QSKQW%7B%40MaAK%7BC%3FiBDq%40F_%40Pi%40Ra%40%7C%40eA~GqHP%5BJg%40%40a%40AU%7D%40_FQo%40O_%40i%40y%40Y%5Bu%40g%40_Ae%40%7DEmCe%40%5Bs%40o%40%7BBeDqG%7BIiCgEi%40iAYy%40Ym%40e%40q%40%5D%5DyAqAoDiCoB%7BAq%40u%40k%40w%40KS%5BeAa%40%7BBoAwH%7B%40mEqAyHOu%40u%40yEs%40cE%5D%7DAQ_AOoAUaA_BmIMaAAoBBcCFyBJuApDmTFo%40%40c%40K%7D%40Me%40O%5B_AoAiAeAeCkBkAmAwAoB%7BBqDwC_EGCGBEFENMtB%3FTBTRb%40d%40t%40f%40fAh%40pBVvBRz%40rB~Eh%40hABPI%5C%5Dh%40b%40cAFBKJQ%5EQT_%40%5CMF%5DBMFGAABHZ)/auto/800x400?access_token=pk.eyJ1IjoicHJkZWVwYWsiLCJhIjoiY21qNHk1eWRrMHNlMTNnb2d0Ym12c3phbSJ9.SlCQeRDcGWbxODgCk1_8OA&logo=false&attrib=false
[2026-01-07T04:54:55.550Z] [Proxy] Fetching: https://api.mapbox.com/styles/v1/mapbox/satellite-v9/static/path-5+fc4c02-0.8(qvxnGng~%7BMZCRMt%40_ALYVXLV%60%40dA%5En%40L%60%40%40VObC%3F%60AEp%40EjCHxBNpBJbAFtBBfCIlAClBBnADf%40R%7C%40Tl%40Nz%40%5CrAN~%40ZhANXj%40d%40X%5Cd%40dA%60AdBb%40%60%40VPJRRtAXtANlAv%40lEl%40dEp%40bDhAzGPl%40Vp%40f%40~%40l%40r%40rBxAhE%60DvAnAb%40l%40f%40%7C%40tA%7CCn%40nAr%40hAzGhJtB%7CCv%40v%40j%40b%40hAj%40pC%60BfAj%40p%40d%40h%40j%40%5Cf%40b%40vAp%40lDH~%40%40l%40Kp%40OTgEnEeAlAw%40v%40%5Dd%40MTSr%40Gf%40Cf%40AfANnDLdANl%40R%5E%5E%5Ef%40Xx%40%5Cv%40d%40VNBFC%40GAq%40c%40%7DAq%40s%40i%40QSKQW%7B%40MaAK%7BC%3FiBDq%40F_%40Pi%40Ra%40%7C%40eA~GqHP%5BJg%40%40a%40AU%7D%40_FQo%40O_%40i%40y%40Y%5Bu%40g%40_Ae%40%7DEmCe%40%5Bs%40o%40%7BBeDqG%7BIiCgEi%40iAYy%40Ym%40e%40q%40%5D%5DyAqAoDiCoB%7BAq%40u%40k%40w%40KS%5BeAa%40%7BBoAwH%7B%40mEqAyHOu%40u%40yEs%40cE%5D%7DAQ_AOoAUaA_BmIMaAAoBBcCFyBJuApDmTFo%40%40c%40K%7D%40Me%40O%5B_AoAiAeAeCkBkAmAwAoB%7BBqDwC_EGCGBEFENMtB%3FTBTRb%40d%40t%40f%40fAh%40pBVvBRz%40rB~Eh%40hABPI%5C%5Dh%40b%40cAFBKJQ%5EQT_%40%5CMF%5DBMFGAABHZ)/auto/800x400?access_token=pk.eyJ1IjoicHJkZWVwYWsiLCJhIjoiY21qNHk1eWRrMHNlMTNnb2d0Ym12c3phbSJ9.SlCQeRDcGWbxODgCk1_8OA&logo=false&attrib=false
[2026-01-07T04:54:55.724Z] [Proxy] Response status: 200
[2026-01-07T04:54:55.754Z] [Proxy] Success: 119321 bytes, Type: image/jpeg
[2026-01-07T04:54:55.920Z] [Proxy] Response status: 200
[2026-01-07T04:54:55.936Z] [Proxy] Success: 96278 bytes, Type: image/jpeg
[2026-01-08T02:49:31.931Z] [Proxy] Request received
[2026-01-08T02:49:31.932Z] [Proxy] URL parameter: https://api.mapbox.com/styles/v1/mapbox/satellite-v9/static/path-5+fc4c02-0.8(qvxnGng~%7BMZCRMt%40_ALYVXLV%60%40dA%5En%40L%60%40%40VObC%3F%60AEp%40EjCHxBNpBJbAFtBBfCIlAClBBnADf%40R%7C%40Tl%40Nz%40%5CrAN~%40ZhANXj%40d%40X%5Cd%40dA%60AdBb%40%60%40VPJRRtAXtANlAv%40lEl%40dEp%40bDhAzGPl%40Vp%40f%40~%40l%40r%40rBxAhE%60DvAnAb%40l%40f%40%7C%40tA%7CCn%40nAr%40hAzGhJtB%7CCv%40v%40j%40b%40hAj%40pC%60BfAj%40p%40d%40h%40j%40%5Cf%40b%40vAp%40lDH~%40%40l%40Kp%40OTgEnEeAlAw%40v%40%5Dd%40MTSr%40Gf%40Cf%40AfANnDLdANl%40R%5E%5E%5Ef%40Xx%40%5Cv%40d%40VNBFC%40GAq%40c%40%7DAq%40s%40i%40QSKQW%7B%40MaAK%7BC%3FiBDq%40F_%40Pi%40Ra%40%7C%40eA~GqHP%5BJg%40%40a%40AU%7D%40_FQo%40O_%40i%40y%40Y%5Bu%40g%40_Ae%40%7DEmCe%40%5Bs%40o%40%7BBeDqG%7BIiCgEi%40iAYy%40Ym%40e%40q%40%5D%5DyAqAoDiCoB%7BAq%40u%40k%40w%40KS%5BeAa%40%7BBoAwH%7B%40mEqAyHOu%40u%40yEs%40cE%5D%7DAQ_AOoAUaA_BmIMaAAoBBcCFyBJuApDmTFo%40%40c%40K%7D%40Me%40O%5B_AoAiAeAeCkBkAmAwAoB%7BBqDwC_EGCGBEFENMtB%3FTBTRb%40d%40t%40f%40fAh%40pBVvBRz%40rB~Eh%40hABPI%5C%5Dh%40b%40cAFBKJQ%5EQT_%40%5CMF%5DBMFGAABHZ)/auto/600x400?access_token=pk.eyJ1IjoicHJkZWVwYWsiLCJhIjoiY21qNHk1eWRrMHNlMTNnb2d0Ym12c3phbSJ9.SlCQeRDcGWbxODgCk1_8OA&logo=false&attrib=false
[2026-01-08T02:49:31.933Z] [Proxy] Fetching: https://api.mapbox.com/styles/v1/mapbox/satellite-v9/static/path-5+fc4c02-0.8(qvxnGng~%7BMZCRMt%40_ALYVXLV%60%40dA%5En%40L%60%40%40VObC%3F%60AEp%40EjCHxBNpBJbAFtBBfCIlAClBBnADf%40R%7C%40Tl%40Nz%40%5CrAN~%40ZhANXj%40d%40X%5Cd%40dA%60AdBb%40%60%40VPJRRtAXtANlAv%40lEl%40dEp%40bDhAzGPl%40Vp%40f%40~%40l%40r%40rBxAhE%60DvAnAb%40l%40f%40%7C%40tA%7CCn%40nAr%40hAzGhJtB%7CCv%40v%40j%40b%40hAj%40pC%60BfAj%40p%40d%40h%40j%40%5Cf%40b%40vAp%40lDH~%40%40l%40Kp%40OTgEnEeAlAw%40v%40%5Dd%40MTSr%40Gf%40Cf%40AfANnDLdANl%40R%5E%5E%5Ef%40Xx%40%5Cv%40d%40VNBFC%40GAq%40c%40%7DAq%40s%40i%40QSKQW%7B%40MaAK%7BC%3FiBDq%40F_%40Pi%40Ra%40%7C%40eA~GqHP%5BJg%40%40a%40AU%7D%40_FQo%40O_%40i%40y%40Y%5Bu%40g%40_Ae%40%7DEmCe%40%5Bs%40o%40%7BBeDqG%7BIiCgEi%40iAYy%40Ym%40e%40q%40%5D%5DyAqAoDiCoB%7BAq%40u%40k%40w%40KS%5BeAa%40%7BBoAwH%7B%40mEqAyHOu%40u%40yEs%40cE%5D%7DAQ_AOoAUaA_BmIMaAAoBBcCFyBJuApDmTFo%40%40c%40K%7D%40Me%40O%5B_AoAiAeAeCkBkAmAwAoB%7BBqDwC_EGCGBEFENMtB%3FTBTRb%40d%40t%40f%40fAh%40pBVvBRz%40rB~Eh%40hABPI%5C%5Dh%40b%40cAFBKJQ%5EQT_%40%5CMF%5DBMFGAABHZ)/auto/600x400?access_token=pk.eyJ1IjoicHJkZWVwYWsiLCJhIjoiY21qNHk1eWRrMHNlMTNnb2d0Ym12c3phbSJ9.SlCQeRDcGWbxODgCk1_8OA&logo=false&attrib=false
[2026-01-08T02:49:32.242Z] [Proxy] Response status: 200
[2026-01-08T02:49:32.261Z] [Proxy] Success: 62423 bytes, Type: image/jpeg
[2026-01-08T02:50:28.735Z] [Proxy] Request received
[2026-01-08T02:50:28.736Z] [Proxy] URL parameter: https://dgtzuqphqg23d.cloudfront.net/_kdKb6gRwo3vf0SL51r4eRwkuI06aJUBfDNF6epJDBk-2048x1536.jpg
[2026-01-08T02:50:28.736Z] [Proxy] Fetching: https://dgtzuqphqg23d.cloudfront.net/_kdKb6gRwo3vf0SL51r4eRwkuI06aJUBfDNF6epJDBk-2048x1536.jpg
[2026-01-08T02:50:28.751Z] [Proxy] Request received
[2026-01-08T02:50:28.752Z] [Proxy] URL parameter: https://dgtzuqphqg23d.cloudfront.net/4_5E_x2mvn-SoZ14BTDTVrzNEQeAOE4dulax4S3tufI-2048x1536.jpg
[2026-01-08T02:50:28.752Z] [Proxy] Fetching: https://dgtzuqphqg23d.cloudfront.net/4_5E_x2mvn-SoZ14BTDTVrzNEQeAOE4dulax4S3tufI-2048x1536.jpg
[2026-01-08T02:50:28.758Z] [Proxy] Request received
[2026-01-08T02:50:28.758Z] [Proxy] URL parameter: https://dgtzuqphqg23d.cloudfront.net/Dsy1J-kJh1489LE0bhJ-p0bYirtomPdwWIHjxEvM1yU-1536x2048.jpg
[2026-01-08T02:50:28.759Z] [Proxy] Fetching: https://dgtzuqphqg23d.cloudfront.net/Dsy1J-kJh1489LE0bhJ-p0bYirtomPdwWIHjxEvM1yU-1536x2048.jpg
[2026-01-08T02:50:28.763Z] [Proxy] Request received
[2026-01-08T02:50:28.763Z] [Proxy] URL parameter: https://dgtzuqphqg23d.cloudfront.net/uLuGwmdk8DhB9jweDW9N-Mbva4-FTVOUuPw14g0404E-2048x1536.jpg
[2026-01-08T02:50:28.763Z] [Proxy] Fetching: https://dgtzuqphqg23d.cloudfront.net/uLuGwmdk8DhB9jweDW9N-Mbva4-FTVOUuPw14g0404E-2048x1536.jpg
[2026-01-08T02:50:28.766Z] [Proxy] Request received
[2026-01-08T02:50:28.767Z] [Proxy] URL parameter: https://dgtzuqphqg23d.cloudfront.net/OdGhdOGaCQ9tNrloXT_LFCyGCPCSuX15yv58GG8vnSI-2048x1536.jpg
[2026-01-08T02:50:28.767Z] [Proxy] Fetching: https://dgtzuqphqg23d.cloudfront.net/OdGhdOGaCQ9tNrloXT_LFCyGCPCSuX15yv58GG8vnSI-2048x1536.jpg
[2026-01-08T02:50:29.033Z] [Proxy] Response status: 200
[2026-01-08T02:50:29.034Z] [Proxy] Response status: 200
[2026-01-08T02:50:29.035Z] [Proxy] Response status: 200
[2026-01-08T02:50:29.077Z] [Proxy] Response status: 200
[2026-01-08T02:50:29.098Z] [Proxy] Response status: 200
[2026-01-08T02:50:29.101Z] [Proxy] Success: 454237 bytes, Type: image/jpeg
[2026-01-08T02:50:29.148Z] [Proxy] Success: 404259 bytes, Type: image/jpeg
[2026-01-08T02:50:29.160Z] [Proxy] Success: 523301 bytes, Type: image/jpeg
[2026-01-08T02:50:29.170Z] [Proxy] Success: 295789 bytes, Type: image/jpeg
[2026-01-08T02:50:29.178Z] [Proxy] Success: 404751 bytes, Type: image/jpeg
[2026-01-08T02:50:37.973Z] [Proxy] Request received
[2026-01-08T02:50:37.973Z] [Proxy] URL parameter: https://api.mapbox.com/styles/v1/mapbox/satellite-v9/static/path-5+fc4c02-0.8(nttsDsolxD%60YeZbHqEzWoJ%7CHgGng%40~HlSb%40xYbGde%40lEjJqr%40aEwOJyK~AoF%7CDqE%7COmHjBcEnHaa%40pB%7BFzm%40wt%40nFiIfEwMbMuR%60Q_R%7CImDbDqEhHe_%40mBqI%7DJ%7DKk%40mM%60BgHjTgIjP_JzNqEhH%7DNlJmYjDaF~M%7BHnDmIrC_QnYse%40~C%7BClTyJpJiMlOkL%60QyQnFaRa%40aEwEgLrA%7BLnCwEjTgTrLgPxCoHhCG%60GxNpBlAl%5CuY%7CQeJlA%5ChDhFfFUvWzCrCQv%40yAtUqDdLqHTwA%7B%40gB%5C%7D%40bTqQxAcDn%40kIxG%7BH%3FwBoEeGK%7BB%60BoKvGaUdAgT%60CqPP%7BHoBuUd%40gNY%7BLlAiSbDqJm%40oDoG%7DM%5DwC%60%40oFnA%7BAjBc%5BEok%40%7CJcBMyg%40fC%7Bc%40hCgOrHmGtCgYnJ%7BP_AgWzBmJc%40uHaFkHcCqLoE%5ByAoLwDaCw%40sv%40oAwHsRip%40gYyp%40%7BD_MhBmWxG%7BQ~Ig%60%40zE_s%40a%40iS%7DCyDf%40kN%7DJaQkAsGpBka%40nCcIbGmCdWxH%7CBMf%40yAWwBsDwGa%40wChEqSxGiGjKgAdFwCjGiHf%40kGbDiJjKbCxDeCl%40cMWkQaFcJEcC%60Bm%40~JbEfEo%40fCkD~%40kJbFmDbBuCtDkBkAmGgHuIBcI%7DEiBe%40aBl%40cOpHyEdBkGc%40aKxAeQzD_FvA_IjHmMfBUhEzCpFoBtCmSrC_H%60XsFlMqAuAoDkGmGqEeUZiAnCuAzBuIzAKjBzAnAi%40IsGeDsJaFwF_CgFmOqJcEqF_GyM_RqOmDkJJwKeBeGdBmB%60Ju%40f%40cOnKoRvFyNrDkB~Ls%40vCkBr%40wW%7BI%7DZQaCf%40uBdCmBbRkA~GbExGb%40bC%7CDhAZ%60VoLjIuOxKkGbdAaRxE%7DHzDwKdIwLhFcN%7CAyJT%7BRnAiG~EoHzSmRb%40_BWaCdDrFBmDsCuAe%40uAVuFhLsY%7CBsKkByTcIwOeCqSmAyV%7DBiO%40iKhC_S%7CAkn%40oHeEoHe%5Dq%40aJ%5EaNnBwFxIpAzEsFdDmAfB%7Bc%40sD%7BQiG%7DOOsFv%40uEjC%7DGtGyExDf%40fEtFtEb%40bKiKnMo%40zWmJdF%7CAvD%7CJrChDxJdCf%40iI%60G%7BQ%60v%40qiDvWc_%40pCs%40vHtCtFMBmLwCcGoA%7BJlCqWdKoOzGqC%7CNyBrCoBhB_Ev%40yTEuSuAmMgG%7BRr%40ch%40%7BMw%5D%7D%40%7DF%7CBkh%40lFaXL%7BH%7B%40iEgN%7DUeEqM~%40oQgAcS%7CCkTeAyE%7DFqHQcFjFiLbG%7Dg%40hDsJbNeDnDmCxJ_%5BvLkMhDqAjB%7DNrIcV%7CHqFzXuFfEoErJgn%40hDgNhRam%40z%40af%40m%40oFwHyPuDyb%40r%40aLsCsZkEs%40s%5CvEyLd%40%7Dd%40gLo%60%40%7DGoDcB)/auto/800x400?access_token=pk.eyJ1IjoicHJkZWVwYWsiLCJhIjoiY21qNHk1eWRrMHNlMTNnb2d0Ym12c3phbSJ9.SlCQeRDcGWbxODgCk1_8OA&logo=false&attrib=false
[2026-01-08T02:50:37.973Z] [Proxy] Fetching: https://api.mapbox.com/styles/v1/mapbox/satellite-v9/static/path-5+fc4c02-0.8(nttsDsolxD%60YeZbHqEzWoJ%7CHgGng%40~HlSb%40xYbGde%40lEjJqr%40aEwOJyK~AoF%7CDqE%7COmHjBcEnHaa%40pB%7BFzm%40wt%40nFiIfEwMbMuR%60Q_R%7CImDbDqEhHe_%40mBqI%7DJ%7DKk%40mM%60BgHjTgIjP_JzNqEhH%7DNlJmYjDaF~M%7BHnDmIrC_QnYse%40~C%7BClTyJpJiMlOkL%60QyQnFaRa%40aEwEgLrA%7BLnCwEjTgTrLgPxCoHhCG%60GxNpBlAl%5CuY%7CQeJlA%5ChDhFfFUvWzCrCQv%40yAtUqDdLqHTwA%7B%40gB%5C%7D%40bTqQxAcDn%40kIxG%7BH%3FwBoEeGK%7BB%60BoKvGaUdAgT%60CqPP%7BHoBuUd%40gNY%7BLlAiSbDqJm%40oDoG%7DM%5DwC%60%40oFnA%7BAjBc%5BEok%40%7CJcBMyg%40fC%7Bc%40hCgOrHmGtCgYnJ%7BP_AgWzBmJc%40uHaFkHcCqLoE%5ByAoLwDaCw%40sv%40oAwHsRip%40gYyp%40%7BD_MhBmWxG%7BQ~Ig%60%40zE_s%40a%40iS%7DCyDf%40kN%7DJaQkAsGpBka%40nCcIbGmCdWxH%7CBMf%40yAWwBsDwGa%40wChEqSxGiGjKgAdFwCjGiHf%40kGbDiJjKbCxDeCl%40cMWkQaFcJEcC%60Bm%40~JbEfEo%40fCkD~%40kJbFmDbBuCtDkBkAmGgHuIBcI%7DEiBe%40aBl%40cOpHyEdBkGc%40aKxAeQzD_FvA_IjHmMfBUhEzCpFoBtCmSrC_H%60XsFlMqAuAoDkGmGqEeUZiAnCuAzBuIzAKjBzAnAi%40IsGeDsJaFwF_CgFmOqJcEqF_GyM_RqOmDkJJwKeBeGdBmB%60Ju%40f%40cOnKoRvFyNrDkB~Ls%40vCkBr%40wW%7BI%7DZQaCf%40uBdCmBbRkA~GbExGb%40bC%7CDhAZ%60VoLjIuOxKkGbdAaRxE%7DHzDwKdIwLhFcN%7CAyJT%7BRnAiG~EoHzSmRb%40_BWaCdDrFBmDsCuAe%40uAVuFhLsY%7CBsKkByTcIwOeCqSmAyV%7DBiO%40iKhC_S%7CAkn%40oHeEoHe%5Dq%40aJ%5EaNnBwFxIpAzEsFdDmAfB%7Bc%40sD%7BQiG%7DOOsFv%40uEjC%7DGtGyExDf%40fEtFtEb%40bKiKnMo%40zWmJdF%7CAvD%7CJrChDxJdCf%40iI%60G%7BQ%60v%40qiDvWc_%40pCs%40vHtCtFMBmLwCcGoA%7BJlCqWdKoOzGqC%7CNyBrCoBhB_Ev%40yTEuSuAmMgG%7BRr%40ch%40%7BMw%5D%7D%40%7DF%7CBkh%40lFaXL%7BH%7B%40iEgN%7DUeEqM~%40oQgAcS%7CCkTeAyE%7DFqHQcFjFiLbG%7Dg%40hDsJbNeDnDmCxJ_%5BvLkMhDqAjB%7DNrIcV%7CHqFzXuFfEoErJgn%40hDgNhRam%40z%40af%40m%40oFwHyPuDyb%40r%40aLsCsZkEs%40s%5CvEyLd%40%7Dd%40gLo%60%40%7DGoDcB)/auto/800x400?access_token=pk.eyJ1IjoicHJkZWVwYWsiLCJhIjoiY21qNHk1eWRrMHNlMTNnb2d0Ym12c3phbSJ9.SlCQeRDcGWbxODgCk1_8OA&logo=false&attrib=false
[2026-01-08T02:50:37.977Z] [Proxy] Request received
[2026-01-08T02:50:37.978Z] [Proxy] URL parameter: https://dgtzuqphqg23d.cloudfront.net/_kdKb6gRwo3vf0SL51r4eRwkuI06aJUBfDNF6epJDBk-768x576.jpg
[2026-01-08T02:50:37.978Z] [Proxy] Fetching: https://dgtzuqphqg23d.cloudfront.net/_kdKb6gRwo3vf0SL51r4eRwkuI06aJUBfDNF6epJDBk-768x576.jpg
[2026-01-08T02:50:38.213Z] [Proxy] Response status: 200
[2026-01-08T02:50:38.249Z] [Proxy] Success: 74254 bytes, Type: image/jpeg
[2026-01-08T02:50:38.544Z] [Proxy] Response status: 200
[2026-01-08T02:50:38.563Z] [Proxy] Success: 124324 bytes, Type: image/jpeg
